<?xml version="1.0" encoding="UTF-8"?>
<testng-results ignored="0" total="1" passed="1" failed="0" skipped="0">
  <reporter-output>
  </reporter-output>
  <suite started-at="2022-05-15T18:50:16 EDT" name="Default suite" finished-at="2022-05-15T18:50:56 EDT" duration-ms="39703">
    <groups>
    </groups>
    <test started-at="2022-05-15T18:50:16 EDT" name="Default test" finished-at="2022-05-15T18:50:56 EDT" duration-ms="39703">
      <class name="webstaurantStore.WebstaurantStore">
        <test-method signature="tableTest()[pri:0, instance:webstaurantStore.WebstaurantStore@1fa268de]" started-at="2022-05-15T18:50:16 EDT" name="tableTest" finished-at="2022-05-15T18:50:56 EDT" duration-ms="39657" status="PASS">
          <reporter-output>
          </reporter-output>
        </test-method> <!-- tableTest -->
      </class> <!-- webstaurantStore.WebstaurantStore -->
    </test> <!-- Default test -->
  </suite> <!-- Default suite -->
</testng-results>
